[    0.000000] Initializing cgroup subsys cpuset
[    0.000000] Initializing cgroup subsys cpu
[    0.000000] Initializing cgroup subsys cpuacct
[    0.000000] Linux version 4.4.0-103-generic (buildd@lcy01-amd64-001) (gcc version 5.4.0 20160609 (Ubuntu 5.4.0-6ubuntu1~16.04.5) ) #126-Ubuntu SMP Mon Dec 4 16:23:28 UTC 2017 (Ubuntu 4.4.0-103.126-generic 4.4.98)
[    0.000000] Command line: BOOT_IMAGE=/boot/vmlinuz-4.4.0-103-generic root=LABEL=cloudimg-rootfs ro console=tty1 console=ttyS0
[    0.000000] KERNEL supported cpus:
[    0.000000]   Intel GenuineIntel
[    0.000000]   AMD AuthenticAMD
[    0.000000]   Centaur CentaurHauls
[    0.000000] x86/fpu: xstate_offset[2]:  576, xstate_sizes[2]:  256
[    0.000000] x86/fpu: Supporting XSAVE feature 0x01: 'x87 floating point registers'
[    0.000000] x86/fpu: Supporting XSAVE feature 0x02: 'SSE registers'
[    0.000000] x86/fpu: Supporting XSAVE feature 0x04: 'AVX registers'
[    0.000000] x86/fpu: Enabled xstate features 0x7, context size is 832 bytes, using 'standard' format.
[    0.000000] x86/fpu: Using 'lazy' FPU context switches.
[    0.000000] e820: BIOS-provided physical RAM map:
[    0.000000] BIOS-e820: [mem 0x0000000000000000-0x000000000009fbff] usable
[    0.000000] BIOS-e820: [mem 0x000000000009fc00-0x000000000009ffff] reserved
[    0.000000] BIOS-e820: [mem 0x00000000000f0000-0x00000000000fffff] reserved
[    0.000000] BIOS-e820: [mem 0x0000000000100000-0x000000003ffeffff] usable
[    0.000000] BIOS-e820: [mem 0x000000003fff0000-0x000000003fffffff] ACPI data
[    0.000000] BIOS-e820: [mem 0x00000000fec00000-0x00000000fec00fff] reserved
[    0.000000] BIOS-e820: [mem 0x00000000fee00000-0x00000000fee00fff] reserved
[    0.000000] BIOS-e820: [mem 0x00000000fffc0000-0x00000000ffffffff] reserved
[    0.000000] NX (Execute Disable) protection: active
[    0.000000] SMBIOS 2.5 present.
[    0.000000] Hypervisor detected: KVM
[    0.000000] e820: last_pfn = 0x3fff0 max_arch_pfn = 0x400000000
[    0.000000] MTRR: Disabled
[    0.000000] x86/PAT: MTRRs disabled, skipping PAT initialization too.
[    0.000000] CPU MTRRs all blank - virtualized system.
[    0.000000] x86/PAT: Configuration [0-7]: WB  WT  UC- UC  WB  WT  UC- UC  
[    0.000000] found SMP MP-table at [mem 0x0009fff0-0x0009ffff] mapped at [ffff88000009fff0]
[    0.000000] Scanning 1 areas for low memory corruption
[    0.000000] RAMDISK: [mem 0x36ade000-0x37566fff]
[    0.000000] ACPI: Early table checksum verification disabled
[    0.000000] ACPI: RSDP 0x00000000000E0000 000024 (v02 VBOX  )
[    0.000000] ACPI: XSDT 0x000000003FFF0030 00003C (v01 VBOX   VBOXXSDT 00000001 ASL  00000061)
[    0.000000] ACPI: FACP 0x000000003FFF00F0 0000F4 (v04 VBOX   VBOXFACP 00000001 ASL  00000061)
[    0.000000] ACPI: DSDT 0x000000003FFF0470 0021FF (v02 VBOX   VBOXBIOS 00000002 INTL 20100528)
[    0.000000] ACPI: FACS 0x000000003FFF0200 000040
[    0.000000] ACPI: FACS 0x000000003FFF0200 000040
[    0.000000] ACPI: APIC 0x000000003FFF0240 00005C (v02 VBOX   VBOXAPIC 00000001 ASL  00000061)
[    0.000000] ACPI: SSDT 0x000000003FFF02A0 0001CC (v01 VBOX   VBOXCPUT 00000002 INTL 20100528)
[    0.000000] No NUMA configuration found
[    0.000000] Faking a node at [mem 0x0000000000000000-0x000000003ffeffff]
[    0.000000] NODE_DATA(0) allocated [mem 0x3ffeb000-0x3ffeffff]
[    0.000000] kvm-clock: Using msrs 4b564d01 and 4b564d00
[    0.000000] kvm-clock: cpu 0, msr 0:3ffe3001, primary cpu clock
[    0.000000] kvm-clock: using sched offset of 3596167946 cycles
[    0.000000] clocksource: kvm-clock: mask: 0xffffffffffffffff max_cycles: 0x1cd42e4dffb, max_idle_ns: 881590591483 ns
[    0.000000] Zone ranges:
[    0.000000]   DMA      [mem 0x0000000000001000-0x0000000000ffffff]
[    0.000000]   DMA32    [mem 0x0000000001000000-0x000000003ffeffff]
[    0.000000]   Normal   empty
[    0.000000]   Device   empty
[    0.000000] Movable zone start for each node
[    0.000000] Early memory node ranges
[    0.000000]   node   0: [mem 0x0000000000001000-0x000000000009efff]
[    0.000000]   node   0: [mem 0x0000000000100000-0x000000003ffeffff]
[    0.000000] Initmem setup node 0 [mem 0x0000000000001000-0x000000003ffeffff]
[    0.000000] ACPI: PM-Timer IO Port: 0x4008
[    0.000000] IOAPIC[0]: apic_id 2, version 32, address 0xfec00000, GSI 0-23
[    0.000000] ACPI: INT_SRC_OVR (bus 0 bus_irq 0 global_irq 2 dfl dfl)
[    0.000000] ACPI: INT_SRC_OVR (bus 0 bus_irq 9 global_irq 9 high level)
[    0.000000] Using ACPI (MADT) for SMP configuration information
[    0.000000] smpboot: Allowing 2 CPUs, 0 hotplug CPUs
[    0.000000] PM: Registered nosave memory: [mem 0x00000000-0x00000fff]
[    0.000000] PM: Registered nosave memory: [mem 0x0009f000-0x0009ffff]
[    0.000000] PM: Registered nosave memory: [mem 0x000a0000-0x000effff]
[    0.000000] PM: Registered nosave memory: [mem 0x000f0000-0x000fffff]
[    0.000000] e820: [mem 0x40000000-0xfebfffff] available for PCI devices
[    0.000000] Booting paravirtualized kernel on KVM
[    0.000000] clocksource: refined-jiffies: mask: 0xffffffff max_cycles: 0xffffffff, max_idle_ns: 7645519600211568 ns
[    0.000000] setup_percpu: NR_CPUS:512 nr_cpumask_bits:512 nr_cpu_ids:2 nr_node_ids:1
[    0.000000] PERCPU: Embedded 33 pages/cpu @ffff88003fc00000 s98200 r8192 d28776 u1048576
[    0.000000] PV qspinlock hash table entries: 256 (order: 0, 4096 bytes)
[    0.000000] Built 1 zonelists in Node order, mobility grouping on.  Total pages: 257913
[    0.000000] Policy zone: DMA32
[    0.000000] Kernel command line: BOOT_IMAGE=/boot/vmlinuz-4.4.0-103-generic root=LABEL=cloudimg-rootfs ro console=tty1 console=ttyS0
[    0.000000] PID hash table entries: 4096 (order: 3, 32768 bytes)
[    0.000000] Memory: 1001784K/1048120K available (8485K kernel code, 1295K rwdata, 3988K rodata, 1492K init, 1316K bss, 46336K reserved, 0K cma-reserved)
[    0.000000] SLUB: HWalign=64, Order=0-3, MinObjects=0, CPUs=2, Nodes=1
[    0.000000] Hierarchical RCU implementation.
[    0.000000] 	Build-time adjustment of leaf fanout to 64.
[    0.000000] 	RCU restricting CPUs from NR_CPUS=512 to nr_cpu_ids=2.
[    0.000000] RCU: Adjusting geometry for rcu_fanout_leaf=64, nr_cpu_ids=2
[    0.000000] NR_IRQS:33024 nr_irqs:440 16
[    0.000000] Console: colour VGA+ 80x25
[    0.000000] console [tty1] enabled
[    0.000000] console [ttyS0] enabled
[    0.000000] tsc: Detected 2303.998 MHz processor
[    4.091396] Calibrating delay loop (skipped) preset value.. 4607.99 BogoMIPS (lpj=9215992)
[    4.097995] pid_max: default: 32768 minimum: 301
[    4.098841] ACPI: Core revision 20150930
[    4.100432] ACPI: 2 ACPI AML tables successfully acquired and loaded
[    4.102100] Security Framework initialized
[    4.102865] Yama: becoming mindful.
[    4.103555] AppArmor: AppArmor initialized
[    4.104374] Dentry cache hash table entries: 131072 (order: 8, 1048576 bytes)
[    4.105724] Inode-cache hash table entries: 65536 (order: 7, 524288 bytes)
[    4.108105] Mount-cache hash table entries: 2048 (order: 2, 16384 bytes)
[    4.109567] Mountpoint-cache hash table entries: 2048 (order: 2, 16384 bytes)
[    4.110923] Initializing cgroup subsys io
[    4.111682] Initializing cgroup subsys memory
[    4.112531] Initializing cgroup subsys devices
[    4.113367] Initializing cgroup subsys freezer
[    4.114179] Initializing cgroup subsys net_cls
[    4.114989] Initializing cgroup subsys perf_event
[    4.115857] Initializing cgroup subsys net_prio
[    4.116680] Initializing cgroup subsys hugetlb
[    4.123103] Initializing cgroup subsys pids
[    4.123951] CPU: Physical Processor ID: 0
[    4.124711] CPU: Processor Core ID: 0
[    4.126997] mce: CPU supports 0 MCE banks
[    4.127770] Last level iTLB entries: 4KB 64, 2MB 8, 4MB 8
[    4.129974] Last level dTLB entries: 4KB 64, 2MB 0, 4MB 0, 1GB 4
[    4.132777] Freeing SMP alternatives memory: 32K
[    4.140195] ftrace: allocating 32158 entries in 126 pages
[    4.179917] smpboot: APIC(0) Converting physical 0 to logical package 0
[    4.182218] smpboot: Max logical packages: 1
[    4.185543] x2apic enabled
[    4.191811] Switched APIC routing to physical x2apic.
[    4.193632] ..TIMER: vector=0x30 apic1=0 pin1=2 apic2=-1 pin2=-1
[    4.300916] smpboot: CPU0: Intel(R) Core(TM) i5-7360U CPU @ 2.30GHz (family: 0x6, model: 0x8e, stepping: 0x9)
[    4.335023] Performance Events: unsupported p6 CPU model 142 no PMU driver, software events only.
[    4.336730] KVM setup paravirtual spinlock
[    4.338065] x86: Booting SMP configuration:
[    4.338846] .... node  #0, CPUs:      #1
[    4.339695] kvm-clock: cpu 1, msr 0:3ffe3041, secondary cpu clock
[    4.342170] mce: CPU supports 0 MCE banks
[    4.344711] x86: Booted up 1 node, 2 CPUs
[    4.345648] smpboot: Total of 2 processors activated (9215.99 BogoMIPS)
[    4.347051] devtmpfs: initialized
[    4.350960] evm: security.selinux
[    4.375915] evm: security.SMACK64
[    4.413237] evm: security.SMACK64EXEC
[    4.413944] evm: security.SMACK64TRANSMUTE
[    4.414705] evm: security.SMACK64MMAP
[    4.415404] evm: security.ima
[    4.416009] evm: security.capability
[    4.416912] clocksource: jiffies: mask: 0xffffffff max_cycles: 0xffffffff, max_idle_ns: 7645041785100000 ns
[    4.527084] futex hash table entries: 512 (order: 3, 32768 bytes)
[    4.529791] pinctrl core: initialized pinctrl subsystem
[    4.530821] RTC time:  8:00:53, date: 12/15/17
[    4.532885] NET: Registered protocol family 16
[    4.597586] cpuidle: using governor ladder
[    4.617587] cpuidle: using governor menu
[    4.621396] PCCT header not found.
[    4.622131] ACPI: bus type PCI registered
[    4.622885] acpiphp: ACPI Hot Plug PCI Controller Driver version: 0.5
[    4.631116] PCI: Using configuration type 1 for base access
[    4.641213] ACPI: Added _OSI(Module Device)
[    4.671022] ACPI: Added _OSI(Processor Device)
[    4.671848] ACPI: Added _OSI(3.0 _SCP Extensions)
[    4.672708] ACPI: Added _OSI(Processor Aggregator Device)
[    4.674204] ACPI: Executed 1 blocks of module-level executable AML code
[    4.676983] ACPI: Interpreter enabled
[    4.681354] ACPI: (supports S0 S5)
[    4.682277] ACPI: Using IOAPIC for interrupt routing
[    4.683290] PCI: Using host bridge windows from ACPI; if necessary, use "pci=nocrs" and report a bug
[    4.713707] ACPI: PCI Root Bridge [PCI0] (domain 0000 [bus 00-ff])
[    4.782318] acpi PNP0A03:00: _OSC: OS supports [ASPM ClockPM Segments MSI]
[    4.809532] acpi PNP0A03:00: _OSC: not requesting OS control; OS requires [ExtendedConfig ASPM ClockPM MSI]
[    4.811252] acpi PNP0A03:00: fail to add MMCONFIG information, can't access extended PCI configuration space under this bridge.
[    4.813463] PCI host bridge to bus 0000:00
[    4.814231] pci_bus 0000:00: root bus resource [io  0x0000-0x0cf7 window]
[    4.815376] pci_bus 0000:00: root bus resource [io  0x0d00-0xffff window]
[    4.822099] pci_bus 0000:00: root bus resource [mem 0x000a0000-0x000bffff window]
[    4.823488] pci_bus 0000:00: root bus resource [mem 0x40000000-0xffdfffff window]
[    4.824873] pci_bus 0000:00: root bus resource [bus 00-ff]
[    4.827151] pci 0000:00:01.1: legacy IDE quirk: reg 0x10: [io  0x01f0-0x01f7]
[    4.830142] pci 0000:00:01.1: legacy IDE quirk: reg 0x14: [io  0x03f6]
[    4.831259] pci 0000:00:01.1: legacy IDE quirk: reg 0x18: [io  0x0170-0x0177]
[    4.832610] pci 0000:00:01.1: legacy IDE quirk: reg 0x1c: [io  0x0376]
[    4.845748] pci 0000:00:07.0: quirk: [io  0x4000-0x403f] claimed by PIIX4 ACPI
[    4.867555] pci 0000:00:07.0: quirk: [io  0x4100-0x410f] claimed by PIIX4 SMB
[    4.876671] ACPI: PCI Interrupt Link [LNKA] (IRQs 5 9 10 *11)
[    4.945699] ACPI: PCI Interrupt Link [LNKB] (IRQs 5 9 10 *11)
[    5.014491] ACPI: PCI Interrupt Link [LNKC] (IRQs 5 9 *10 11)
[    5.015906] ACPI: PCI Interrupt Link [LNKD] (IRQs 5 *9 10 11)
[    5.017335] ACPI: Enabled 2 GPEs in block 00 to 07
[    5.018532] vgaarb: setting as boot device: PCI:0000:00:02.0
[    5.026339] vgaarb: device added: PCI:0000:00:02.0,decodes=io+mem,owns=io+mem,locks=none
[    5.027826] vgaarb: loaded
[    5.028401] vgaarb: bridge control possible 0000:00:02.0
[    5.051145] SCSI subsystem initialized
[    5.051975] ACPI: bus type USB registered
[    5.093496] usbcore: registered new interface driver usbfs
[    5.175376] usbcore: registered new interface driver hub
[    5.176336] usbcore: registered new device driver usb
[    5.177643] PCI: Using ACPI for IRQ routing
[    5.201863] NetLabel: Initializing
[    5.202547] NetLabel:  domain hash size = 128
[    5.221341] NetLabel:  protocols = UNLABELED CIPSOv4
[    5.222329] NetLabel:  unlabeled traffic allowed by default
[    5.223426] amd_nb: Cannot enumerate AMD northbridges
[    5.224357] clocksource: Switched to clocksource kvm-clock
[    5.231780] AppArmor: AppArmor Filesystem Enabled
[    5.252297] pnp: PnP ACPI init
[    5.253584] pnp: PnP ACPI: found 3 devices
[    5.263300] clocksource: acpi_pm: mask: 0xffffff max_cycles: 0xffffff, max_idle_ns: 2085701024 ns
[    5.287956] NET: Registered protocol family 2
[    5.288900] TCP established hash table entries: 8192 (order: 4, 65536 bytes)
[    5.290097] TCP bind hash table entries: 8192 (order: 5, 131072 bytes)
[    5.291224] TCP: Hash tables configured (established 8192 bind 8192)
[    5.313852] UDP hash table entries: 512 (order: 2, 16384 bytes)
[    5.314883] UDP-Lite hash table entries: 512 (order: 2, 16384 bytes)
[    5.316034] NET: Registered protocol family 1
[    5.316861] pci 0000:00:00.0: Limiting direct PCI/PCI transfers
[    5.317890] pci 0000:00:01.0: Activating ISA DMA hang workarounds
[    5.320145] Unpacking initramfs...
[    6.810456] Freeing initrd memory: 10788K
[    6.821461] platform rtc_cmos: registered platform RTC device (no PNP device found)
[    6.822923] Scanning for low memory corruption every 60 seconds
[    6.824286] audit: initializing netlink subsys (disabled)
[    6.825276] audit: type=2000 audit(1513324855.863:1): initialized
[    6.867615] Initialise system trusted keyring
[    6.911200] HugeTLB registered 2 MB page size, pre-allocated 0 pages
[    6.913312] zbud: loaded
[    6.939481] VFS: Disk quotas dquot_6.6.0
[    6.940265] VFS: Dquot-cache hash table entries: 512 (order 0, 4096 bytes)
[    6.941625] squashfs: version 4.0 (2009/01/31) Phillip Lougher
[    6.942865] fuse init (API version 7.23)
[    6.943712] Key type big_key registered
[    6.944471] Allocating IMA MOK and blacklist keyrings.
[    6.946754] Key type asymmetric registered
[    6.947536] Asymmetric key parser 'x509' registered
[    6.948445] Block layer SCSI generic (bsg) driver version 0.4 loaded (major 249)
[    6.949905] io scheduler noop registered
[    6.965928] io scheduler deadline registered (default)
[    6.966881] io scheduler cfq registered
[    6.967706] pci_hotplug: PCI Hot Plug PCI Core version: 0.5
[    6.968754] pciehp: PCI Express Hot Plug Controller Driver version: 0.4
[    6.970060] ACPI: AC Adapter [AC] (on-line)
[    6.971082] input: Power Button as /devices/LNXSYSTM:00/LNXPWRBN:00/input/input0
[    6.977909] ACPI: Power Button [PWRF]
[    6.978688] input: Sleep Button as /devices/LNXSYSTM:00/LNXSLPBN:00/input/input1
[    6.980065] ACPI: Sleep Button [SLPF]
[    6.990332] GHES: HEST is not enabled!
[    6.991142] Serial: 8250/16550 driver, 32 ports, IRQ sharing enabled
[    7.013874] 00:02: ttyS0 at I/O 0x3f8 (irq = 4, base_baud = 115200) is a 16550A
[    7.027174] Linux agpgart interface v0.103
[    7.029524] loop: module loaded
[    7.035857] scsi host0: ata_piix
[    7.036656] scsi host1: ata_piix
[    7.037356] ata1: PATA max UDMA/33 cmd 0x1f0 ctl 0x3f6 bmdma 0xd000 irq 14
[    7.038509] ata2: PATA max UDMA/33 cmd 0x170 ctl 0x376 bmdma 0xd008 irq 15
[    7.039756] libphy: Fixed MDIO Bus: probed
[    7.041797] tun: Universal TUN/TAP device driver, 1.6
[    7.047409] tun: (C) 1999-2004 Max Krasnyansky <maxk@qualcomm.com>
[    7.048508] PPP generic driver version 2.4.2
[    7.049393] ehci_hcd: USB 2.0 'Enhanced' Host Controller (EHCI) Driver
[    7.050513] ehci-pci: EHCI PCI platform driver
[    7.051347] ehci-platform: EHCI generic platform driver
[    7.053600] ohci_hcd: USB 1.1 'Open' Host Controller (OHCI) Driver
[    7.062078] ohci-pci: OHCI PCI platform driver
[    7.062922] ohci-platform: OHCI generic platform driver
[    7.063866] uhci_hcd: USB Universal Host Controller Interface driver
[    7.065079] i8042: PNP: PS/2 Controller [PNP0303:PS2K,PNP0f03:PS2M] at 0x60,0x64 irq 1,12
[    7.067095] serio: i8042 KBD port at 0x60,0x64 irq 1
[    7.068076] serio: i8042 AUX port at 0x60,0x64 irq 12
[    7.069132] mousedev: PS/2 mouse device common for all mice
[    7.078381] rtc_cmos rtc_cmos: rtc core: registered rtc_cmos as rtc0
[    7.079519] input: AT Translated Set 2 keyboard as /devices/platform/i8042/serio0/input/input2
[    7.112112] rtc_cmos rtc_cmos: alarms up to one day, 114 bytes nvram
[    7.113239] i2c /dev entries driver
[    7.113989] device-mapper: uevent: version 1.0.3
[    7.124911] device-mapper: ioctl: 4.34.0-ioctl (2015-10-28) initialised: dm-devel@redhat.com
[    7.126458] ledtrig-cpu: registered to indicate activity on CPUs
[    7.127925] NET: Registered protocol family 10
[    7.128935] NET: Registered protocol family 17
[    7.129773] Key type dns_resolver registered
[    7.130716] microcode: CPU0 sig=0x806e9, pf=0x8, revision=0x0
[    7.131676] microcode: CPU1 sig=0x806e9, pf=0x8, revision=0x0
[    7.132790] microcode: Microcode Update Driver: v2.01 <tigran@aivazian.fsnet.co.uk>, Peter Oruba
[    7.134470] registered taskstats version 1
[    7.135261] Loading compiled-in X.509 certificates
[    7.136572] Loaded X.509 cert 'Build time autogenerated kernel key: 6495e09daeacef0cade9c1ea2246b74b6c79cd53'
[    7.147091] zswap: loaded using pool lzo/zbud
[    7.149298] Key type trusted registered
[    7.154032] Key type encrypted registered
[    7.162800] AppArmor: AppArmor sha1 policy hashing enabled
[    7.163782] ima: No TPM chip found, activating TPM-bypass!
[    7.164793] evm: HMAC attrs: 0x1
[    7.165752]   Magic number: 13:970:17
[    7.166747] rtc_cmos rtc_cmos: setting system clock to 2017-12-15 08:00:55 UTC (1513324855)
[    7.176604] BIOS EDD facility v0.16 2004-Jun-25, 0 devices found
[    7.177643] EDD information not available.
[    7.197424] Freeing unused kernel memory: 1492K
[    7.209542] Write protecting the kernel read-only data: 14336k
[    7.210988] Freeing unused kernel memory: 1744K
[    7.212016] Freeing unused kernel memory: 108K
Loading, please wait...
starting version[    7.221639] random: systemd-udevd: uninitialized urandom read (16 bytes read, 3 bits of entropy available)
 229
[    7.222202] random: udevadm: uninitialized urandom read (16 bytes read, 3 bits of entropy available)
[    7.222217] random: udevadm: uninitialized urandom read (16 bytes read, 3 bits of entropy available)
[    7.229072] random: udevadm: uninitialized urandom read (16 bytes read, 3 bits of entropy available)
[    7.229109] random: udevadm: uninitialized urandom read (16 bytes read, 3 bits of entropy available)
[    7.229230] random: udevadm: uninitialized urandom read (16 bytes read, 3 bits of entropy available)
[    7.229277] random: udevadm: uninitialized urandom read (16 bytes read, 3 bits of entropy available)
[    7.229323] random: udevadm: uninitialized urandom read (16 bytes read, 3 bits of entropy available)
[    7.229371] random: udevadm: uninitialized urandom read (16 bytes read, 3 bits of entropy available)
[    7.229414] random: udevadm: uninitialized urandom read (16 bytes read, 3 bits of entropy available)
[    7.353776] e1000: Intel(R) PRO/1000 Network Driver - version 7.3.21-k8-NAPI
[    7.366595] e1000: Copyright (c) 1999-2006 Intel Corporation.
[    7.372374] Fusion MPT base driver 3.04.20
[    7.373420] Copyright (c) 1999-2008 LSI Corporation
[    7.389565] Fusion MPT SPI Host driver 3.04.20
[    7.399645] mptbase: ioc0: Initiating bringup
[    7.404073] AVX version of gcm_enc/dec engaged.
[    7.411036] AES CTR mode by8 optimization enabled
[    7.469133] ioc0: LSI53C1030 A0: Capabilities={Initiator}
[    7.580045] input: ImExPS/2 Generic Explorer Mouse as /devices/platform/i8042/serio1/input/input4
[    7.641863] scsi host2: ioc0: LSI53C1030 A0, FwRev=00000000h, Ports=1, MaxQ=256, IRQ=20
[    7.757109] scsi 2:0:0:0: Direct-Access     VBOX     HARDDISK         1.0  PQ: 0 ANSI: 5
[    7.772012] scsi target2:0:0: Beginning Domain Validation
[    7.774722] scsi target2:0:0: Domain Validation skipping write tests
[    7.775814] scsi target2:0:0: Ending Domain Validation
[    7.782021] scsi target2:0:0: asynchronous
[    7.783466] scsi 2:0:1:0: Direct-Access     VBOX     HARDDISK         1.0  PQ: 0 ANSI: 5
[    7.785011] scsi target2:0:1: Beginning Domain Validation
[    7.787184] scsi target2:0:1: Domain Validation skipping write tests
[    7.791648] scsi target2:0:1: Ending Domain Validation
[    7.792658] scsi target2:0:1: asynchronous
[    7.813407] sd 2:0:0:0: Attached scsi generic sg0 type 0
[    7.826415] tsc: Refined TSC clocksource calibration: 2303.878 MHz
[    7.827785] clocksource: tsc: mask: 0xffffffffffffffff max_cycles: 0x213584cfd93, max_idle_ns: 440795316092 ns
[    7.830091] sd 2:0:0:0: [sda] 20971520 512-byte logical blocks: (10.7 GB/10.0 GiB)
[    7.831792] sd 2:0:0:0: [sda] Write Protect is off
[    7.841482] sd 2:0:1:0: [sdb] 20480 512-byte logical blocks: (10.5 MB/10.0 MiB)
[    7.853879] sd 2:0:1:0: Attached scsi generic sg1 type 0
[    7.859380] sd 2:0:0:0: [sda] Incomplete mode parameter data
[    7.861513] sd 2:0:0:0: [sda] Assuming drive cache: write through
[    7.863042] sd 2:0:1:0: [sdb] Write Protect is off
[    7.864028] sd 2:0:1:0: [sdb] Incomplete mode parameter data
[    7.865074] sd 2:0:1:0: [sdb] Assuming drive cache: write through
[    7.944651]  sda: sda1
[    7.956828] sd 2:0:0:0: [sda] Attached SCSI disk
[    7.969073] sd 2:0:1:0: [sdb] Attached SCSI disk
[    8.115540] e1000 0000:00:03.0 eth0: (PCI:33MHz:32-bit) 02:63:8e:2c:ef:cd
[    8.123091] e1000 0000:00:03.0 eth0: Intel(R) PRO/1000 Network Connection
[    8.471957] e1000 0000:00:08.0 eth1: (PCI:33MHz:32-bit) 08:00:27:10:d6:38
[    8.482354] e1000 0000:00:08.0 eth1: Intel(R) PRO/1000 Network Connection
[    8.484427] e1000 0000:00:03.0 enp0s3: renamed from eth0
[    8.517011] e1000 0000:00:08.0 enp0s8: renamed from eth1
[   10.422511] floppy0: no floppy controllers found
Begin: Loading e[   11.725794] md: linear personality registered for level -1
ssential drivers ... [   11.733880] md: multipath personality registered for level -4
[   11.796109] md: raid0 personality registered for level 0
[   11.824507] md: raid1 personality registered for level 1
[   11.900376] raid6: sse2x1   gen()  9998 MB/s
[   12.004566] raid6: sse2x1   xor()  6476 MB/s
[   12.088533] raid6: sse2x2   gen() 11423 MB/s
[   12.216488] raid6: sse2x2   xor()  5550 MB/s
[   12.288486] raid6: sse2x4   gen() 13644 MB/s
[   12.356570] raid6: sse2x4   xor()  9510 MB/s
[   12.361124] raid6: using algorithm sse2x4 gen() 13644 MB/s
[   12.362263] raid6: .... xor() 9510 MB/s, rmw enabled
[   12.363195] raid6: using ssse3x2 recovery algorithm
[   12.364936] xor: automatically using best checksumming function:
[   12.404705]    avx       : 27869.000 MB/sec
[   12.409132] async_tx: api initialized (async)
[   12.428995] md: raid6 personality registered for level 6
[   12.457198] md: raid5 personality registered for level 5
[   12.458134] md: raid4 personality registered for level 4
[   12.462828] md: raid10 personality registered for level 10
done.
Begin: Running /scripts/init-premount ... done.
Begin: Mounting root file system ... Begin: Running /scripts/local-top ... done.
Begin: Running /scripts/local-premount ... [   12.497777] Btrfs loaded
Scanning for Btrfs filesystems
done.
Warning: fsck not present, so skipping root file system
[   12.607320] EXT4-fs (sda1): mounted filesystem with ordered data mode. Opts: (null)
done.
Begin: Running /scripts/local-bottom ... done.
Begin: Running /scripts/init-bottom ... done.
[   13.467891] systemd[1]: systemd 229 running in system mode. (+PAM +AUDIT +SELINUX +IMA +APPARMOR +SMACK +SYSVINIT +UTMP +LIBCRYPTSETUP +GCRYPT +GNUTLS +ACL +XZ -LZ4 +SECCOMP +BLKID +ELFUTILS +KMOD -IDN)
[   13.551876] systemd[1]: Detected virtualization oracle.
[   13.552857] systemd[1]: Detected architecture x86-64.
[   13.585634] random: nonblocking pool is initialized

Welcome to [1mUbuntu 16.04.3 LTS[0m!

[   13.677643] systemd[1]: Set hostname to <ubuntu-xenial>.
[   14.955677] systemd[1]: Listening on udev Control Socket.
[[0;32m  OK  [0m] Listening on udev Control Socket.
[   14.988831] systemd[1]: Reached target Swap.
[[0;32m  OK  [0m] Reached target Swap.
[   15.080734] systemd[1]: Reached target Encrypted Volumes.
[[0;32m  OK  [0m] Reached target Encrypted Volumes.
[   15.233007] systemd[1]: Started Trigger resolvconf update for networkd DNS.
[[0;32m  OK  [0m] Started Trigger resolvconf update for networkd DNS.
[   15.352789] systemd[1]: Listening on Syslog Socket.
[[0;32m  OK  [0m] Listening on Syslog Socket.
[   15.449206] systemd[1]: Listening on Device-mapper event daemon FIFOs.
[[0;32m  OK  [0m] Listening on Device-mapper event daemon FIFOs.
[   15.552805] systemd[1]: Created slice User and Session Slice.
[[0;32m  OK  [0m] Created slice User and Session Slice.
[   15.612362] systemd[1]: Listening on /dev/initctl Compatibility Named Pipe.
[[0;32m  OK  [0m] Listening on /dev/initctl Compatibility Named Pipe.
[   15.728931] systemd[1]: Listening on udev Kernel Socket.
[[0;32m  OK  [0m] Listening on udev Kernel Socket.
[   15.817025] systemd[1]: Reached target User and Group Name Lookups.
[[0;32m  OK  [0m] Reached target User and Group Name Lookups.
[   15.942422] systemd[1]: Started Forward Password Requests to Wall Directory Watch.
[[0;32m  OK  [0m] Started Forward Password Requests to Wall Directory Watch.
[   15.963752] systemd[1]: Listening on Journal Socket (/dev/log).
[[0;32m  OK  [0m] Listening on Journal Socket (/dev/log).
[   16.004744] systemd[1]: Listening on Journal Audit Socket.
[[0;32m  OK  [0m] Listening on Journal Audit Socket.
[   16.065169] systemd[1]: Listening on Journal Socket.
[[0;32m  OK  [0m] Listening on Journal Socket.
[   16.104391] systemd[1]: Listening on LVM2 metadata daemon socket.
[[0;32m  OK  [0m] Listening on LVM2 metadata daemon socket.
[   16.172906] systemd[1]: Listening on LVM2 poll daemon socket.
[[0;32m  OK  [0m] Listening on LVM2 poll daemon socket.
[   16.297405] systemd[1]: Created slice System Slice.
[[0;32m  OK  [0m] Created slice System Slice.
[   16.408928] systemd[1]: Starting Monitoring of LVM2 mirrors, snapshots etc. using dmeventd or progress polling...
         Starting Monitoring of LVM2 mirrors... dmeventd or progress polling...
[   16.602665] systemd[1]: Reached target Slices.
[[0;32m  OK  [0m] Reached target Slices.
[   16.732991] systemd[1]: Starting Journal Service...
         Starting Journal Service...
[   16.836981] systemd[1]: Mounting Debug File System...
         Mounting Debug File System...
[   16.925067] systemd[1]: Starting Set console keymap...
         Starting Set console keymap...
[   17.041001] systemd[1]: Mounting POSIX Message Queue File System...
         Mounting POSIX Message Queue File System...
[   17.112708] systemd[1]: Starting Nameserver information manager...
         Starting Nameserver information manager...
[   17.273201] systemd[1]: Created slice system-serial\x2dgetty.slice.
[[0;32m  OK  [0m] Created slice system-serial\x2dgetty.slice.
[   17.397274] systemd[1]: Starting Uncomplicated firewall...
         Starting Uncomplicated firewall...
[   17.585107] systemd[1]: Starting Load Kernel Modules...
         Starting Load Kernel Modules...
[   17.627548] Loading iSCSI transport class v2.0-870.
[   17.712709] systemd[1]: Set up automount Arbitrary Executable File Formats File System Automount Point.
[[0;32m  OK  [0m] Set up automount Arbitrary Executab...ats Fi[   17.755500] iscsi: registered transport (tcp)
le System Automount Point.
[   17.892622] systemd[1]: Starting Create list of required static device nodes for the current kernel...
[   17.971008] iscsi: registered transport (iser)
         Starting Create list of required st... nodes for the current kernel...
[   18.120764] systemd[1]: Starting Remount Root and Kernel File Systems...
         [   18.207393] EXT4-fs (sda1): re-mounted. Opts: (null)
Starting Remount Root and Kernel File Systems...
[   18.317218] systemd[1]: Mounting Huge Pages File System...
         Mounting Huge Pages File System...
[   18.425322] systemd[1]: Mounted POSIX Message Queue File System.
[[0;32m  OK  [0m] Mounted POSIX Message Queue File System.
[   18.517151] systemd[1]: Mounted Debug File System.
[[0;32m  OK  [0m] Mounted Debug File System.
[   18.701371] systemd[1]: Mounted Huge Pages File System.
[[0;32m  OK  [0m] Mounted Huge Pages File System.
[   18.836885] systemd[1]: Started Journal Service.
[[0;32m  OK  [0m] Started Journal Service.
[[0;32m  OK  [0m] Started Set console keymap.
[[0;32m  OK  [0m] Started Uncomplicated firewall.
[[0;32m  OK  [0m] Started Load Kernel Modules.
[[0;32m  OK  [0m] Started Create list of required sta...ce nodes for the current kernel.
[[0;32m  OK  [0m] Started Remount Root and Kernel File Systems.
[[0;32m  OK  [0m] Started Nameserver information manager.
[[0;32m  OK  [0m] Started LVM2 metadata daemon.
         Starting Load/Save Random Seed...
         Starting Initial cloud-init job (pre-networking)...
         Starting udev Coldplug all Devices...
         Starting Create Static Device Nodes in /dev...
         Starting Apply Kernel Variables...
         Mounting FUSE Control File System...
         Starting Flush Journal to Persistent Storage...
[[0;32m  OK  [0m] Mounted FUSE Control File System.
[[0;32m  OK  [0m] Started Load/Save Random Seed.
[[0;32m  OK  [0m] Started Monitoring of LVM2 mirrors,...ng dmeventd or progress polling.
[[0;32m  OK  [0m] Started Apply Kernel Variables.
[[0;32m  OK  [0m] Started Create Static Device Nodes in /dev.
[[0;32m  OK  [0m] Started udev Coldplug all Devices.
         Starting udev Kernel Device Manager...
[[0;32m  OK  [0m] Started Flush Journal to Persistent Storage.
[[0;32m  OK  [0m] Started udev Kernel Device Manager.
[[0;32m  OK  [0m] Started Dispatch Password Requests to Console Directory Watch.
[[0;32m  OK  [0m] Reached target Local File Systems (Pre).
[[0;32m  OK  [0m] Reached target Local File Systems.
         Starting Tell Plymouth To Write Out Runtime Data...
         Starting Set console font and keymap...
         Starting Create Volatile Files and Directories...
         Starting LSB: AppArmor initialization...
[[0;32m  OK  [0m] Found device /dev/ttyS0.
[[0;32m  OK  [0m] Started Tell Plymouth To Write Out Runtime Data.
[[0;32m  OK  [0m] Started Create Volatile Files and Directories.
[[0;32m  OK  [0m] Reached target System Time Synchronized.
         Starting Update UTMP about System Boot/Shutdown...
[[0;32m  OK  [0m] Found device 82540EM Gigabit Ethern...r (PRO/1000 MT Desktop Adapter).
[[0;32m  OK  [0m] Started Update UTMP about System Boot/Shutdown.
[[0;32m  OK  [0m] Found device 82540EM Gigabit Ethern...r (PRO/1000 MT Desktop Adapter).
[[0;32m  OK  [0m] Started Set console font and keymap.
[[0;32m  OK  [0m] Created slice system-getty.slice.
[[0;32m  OK  [0m] Listening on Load/Save RF Kill Switch Status /dev/rfkill Watch.
[[0;32m  OK  [0m] Started LSB: AppArmor initialization.
[   20.639996] cloud-init[438]: Cloud-init v. 17.1 running 'init-local' at Fri, 15 Dec 2017 08:01:13 +0000. Up 20.19 seconds.
[[0;32m  OK  [0m] Started Initial cloud-init job (pre-networking).
[[0;32m  OK  [0m] Reached target Network (Pre).
[[0;32m  OK  [0m] Started ifup for enp0s3.
         Starting Raise network interfaces...
[[0;32m  OK  [0m] Started ifup for enp0s8.
[[0;32m  OK  [0m] Started Raise network interfaces.
         Starting Initial cloud-init job (metadata service crawler)...
[[0;32m  OK  [0m] Reached target Network.
[   22.178213] cloud-init[1054]: Cloud-init v. 17.1 running 'init' at Fri, 15 Dec 2017 08:01:14 +0000. Up 21.35 seconds.
[   22.200713] cloud-init[1054]: ci-info: ++++++++++++++++++++++++++++++++++++++Net device info++++++++++++++++++++++++++++++++++++++
[   22.273083] cloud-init[1054]: ci-info: +--------+------+-----------------------------+---------------+-------+-------------------+
[   22.341793] cloud-init[1054]: ci-info: | Device |  Up  |           Address           |      Mask     | Scope |     Hw-Address    |
[[0;32m  OK  [0m] Started Initial cloud-init job (metadata service crawler).
[   22.396100] cloud-init[1054]: ci-info: +--------+------+-----------------------------+---------------+-------+-------------------+
[   22.439027] cloud-init[1054]: ci-info: | enp0s3 | True |          10.0.2.15          | 255.255.255.0 |   .   | 02:63:8e:2c:ef:cd |
[[0;32m  OK  [0m] Reached target System Initialization.
         [   22.439160] Starting Socket activation for snappy daemon.cloud-init
[1054]: ci-info: | enp0s3 | True |  fe80::63:8eff:fe2c:efcd/64 |       .       |  link | 02:63:8e:2c:ef:cd |
[   22.570215] cloud-init[1054]: ci-info: | enp0s8 | True |        192.168.33.10        | 255.255.255.0 |   .   | 08:00:27:10:d6:38 |
[   22.570452] cloud-init[1054]: ci-info: | enp0s8 | True | fe80::a00:27ff:fe10:d638/64 |       .       |  link | 08:00:27:10:d6:38 |
         Starting LXD - unix socket.
[[   22.570592] cloud-init[1054]: ci-info: |   lo   | True |          127.0.0.1          |   255.0.0.0   |   .   |         .         |
[   22.717191] cloud-init[1054]: ci-info: |   lo   | True |           ::1/128           |       .       |  host |         .         |
[   22.717305] cloud-init[1054]: ci-info: +--------+------+-----------------------------+---------------+-------+-------------------+
[   22.717499] cloud-init[1054]: ci-info: ++++++++++++++++++++++++++++Route IPv4 info++++++++++++++++++++++++++++
[0;32m  OK  [0m] Listening on D-Bus System Message Bus Socket.
[[   22.717616] cloud-init[1054]: ci-info: +-------+--------------+----------+---------------+-----------+-------+
[   22.844932] cloud-init[1054]: ci-info: | Route | Destination  | Gateway  |    Genmask    | Interface | Flags |
[0;32m  OK  [0m] Listening on UUID daemon activation socket.
[   22.845107] cloud-init[1054]: ci-info: +-------+--------------+----------+---------------+-----------+-------+
[   22.969079] cloud-init[1054]: ci-info: |   0   |   0.0.0.0    | 10.0.2.2 |    0.0.0.0    |   enp0s3  |   UG  |
[[0;32m  OK  [0m] Listening on ACPID Listen Socket.
[   22.969144] cloud-init[1054]: ci-info: |   1   |   10.0.2.0   | 0.0.0.0  | 255.255.255.0 |   enp0s3  |   U   |
[   23.113749] cloud-init[1054]: ci-info: |   2   | 192.168.33.0 | 0.0.0.0  | 255.255.255.0 |   enp0s8  |   U   |
[[0;32m  OK  [0m] Started Daily Cleanup of Temporary Directories.
[   23.113860] cloud-init[1054]: ci-info: +-------+--------------+----------+---------------+-----------+-------+
[[0;32m  OK  [0m] Started Timer to automatically refresh installed snaps.
[[0;32m  OK  [0m] Started ACPI Events Check.
[[0;32m  OK  [0m] Reached target Paths.
[[0;32m  OK  [0m] Reached target Network is Online.
         Starting iSCSI initiator daemon (iscsid)...
[[0;32m  OK  [0m] Started Daily apt download activities.
[[0;32m  OK  [0m] Started Daily apt upgrade and clean activities.
[[0;32m  OK  [0m] Reached target Timers.
[[0;32m  OK  [0m] Reached target Cloud-config availability.
[[0;32m  OK  [0m] Listening on Socket activation for snappy daemon.
[[0;32m  OK  [0m] Listening on LXD - unix socket.
[[0;32m  OK  [0m] Reached target Sockets.
[[0;32m  OK  [0m] Reached target Basic System.
         Starting LSB: MD monitoring daemon...
         Starting LSB: Record successful boot for GRUB...
[[0;32m  OK  [0m] Started ACPI event daemon.
         Starting Accounts Service...
         Starting Login Service...
[[0;32m  OK  [0m] Started D-Bus System Message Bus.
[[0;32m  OK  [0m] Started Unattended Upgrades Shutdown.
[[0;32m  OK  [0m] Started Regular background program processing daemon.
         Starting LXD - container startup/shutdown...
         Starting Apply the settings specified in cloud-config...
[[0;32m  OK  [0m] Started Deferred execution scheduler.
         Starting Snappy daemon...
         Starting MySQL Community Server...
         Starting System Logging Service...
         Starting /etc/rc.local Compatibility...
[[0;32m  OK  [0m] Started FUSE filesystem for LXC.
         Starting OpenBSD Secure Shell server...
[[0;32m  OK  [0m] Started iSCSI initiator daemon (iscsid).
[[0;32m  OK  [0m] Started /etc/rc.local Compatibility.
[[0;32m  OK  [0m] Started Login Service.
         Starting Authenticate and Authorize Users to Run Privileged Tasks...
         Starting Login to default iSCSI targets...
[[0;32m  OK  [0m] Started LSB: Record successful boot for GRUB.
[[0;32m  OK  [0m] Started LSB: MD monitoring daemon.
[[0;32m  OK  [0m] Started Login to default iSCSI targets.
[[0;32m  OK  [0m] Reached target Remote File Systems (Pre).
[[0;32m  OK  [0m] Reached target Remote File Systems.
[   25.927819] cloud-init[1136]: Cloud-init v. 17.1 running 'modules:config' at Fri, 15 Dec 2017 08:01:17 +0000. Up 24.64 seconds.
         Starting LSB: Apache2 web server...
         Starting LSB: Set the CPU Frequency Scaling governor to "ondemand"...
         Starting LSB: VirtualBox Linux Additions...
         Starting LSB: automatic crash report generation...
         Starting LSB: daemon to balance interrupts for SMP systems...
         Starting Permit User Sessions...
[[0;32m  OK  [0m] Started Apply the settings specified in cloud-config.
[[0;32m  OK  [0m] Started LSB: Set the CPU Frequency Scaling governor to "ondemand".
[[0;32m  OK  [0m] Started Permit User Sessions.
         Starting Hold until boot process finishes up...
         Starting Terminate Plymouth Boot Screen...
[[0;32m  OK  [0m] Started Hold until boot process finishes up.
[[0;32m  OK  [0m] Started Terminate Plymouth Boot Screen.
[[0;32m  OK  [0m] Started Authenticate and Authorize Users to Run Privileged Tasks.
[[0;32m  OK  [0m] Started Accounts Service.
[[0;32m  OK  [0m] Started Serial Getty on ttyS0.
[[0;32m  OK  [0m] Started Getty on tty1.
[[0;32m  OK  [0m] Reached target Login Prompts.
         Starting Set console scheme...
[[0;32m  OK  [0m] Started System Logging Service.
[[0;32m  OK  [0m] Started LSB: daemon to balance interrupts for SMP systems.
[[0;32m  OK  [0m] Started Set console scheme.
[[0;32m  OK  [0m] Started LSB: automatic crash report generation.
[[0;32m  OK  [0m] Started OpenBSD Secure Shell server.
[[0;32m  OK  [0m] Started LSB: VirtualBox Linux Additions.
[[0;32m  OK  [0m] Created slice User Slice of ubuntu.
         Starting User Manager for UID 1000...
[[0;32m  OK  [0m] Started Session 1 of user ubuntu.
[[0;32m  OK  [0m] Started User Manager for UID 1000.

Ubuntu 16.04.3 LTS ubuntu-xenial ttyS0

ubuntu-xenial login: [   36.508789] cloud-init[1691]: Cloud-init v. 17.1 running 'modules:final' at Fri, 15 Dec 2017 08:01:29 +0000. Up 36.36 seconds.
[   36.509129] cloud-init[1691]: Cloud-init v. 17.1 finished at Fri, 15 Dec 2017 08:01:29 +0000. Datasource DataSourceNoCloud [seed=/dev/sdb][dsmode=net].  Up 36.50 seconds
